# JRE version: Java(TM) SE Runtime Environment Oracle GraalVM 24.0.2+11.1 (24.0.2+11) (build 24.0.2+11-jvmci-b01)
# Java VM: Java HotSpot(TM) 64-Bit Server VM Oracle GraalVM 24.0.2+11.1 (24.0.2+11-jvmci-b01, mixed mode, sharing, tiered, jvmci, jvmci compiler, compressed oops, compressed class ptrs, g1 gc, windows-amd64)
GC Precious Log:
 CardTable entry size: 512
 Card Set container configuration: InlinePtr #cards 5 size 8 Array Of Cards #cards 10 size 36 Howl #buckets 4 coarsen threshold 1843 Howl Bitmap #cards 512 size 80 coarsen threshold 460 Card regions per heap region 1 cards per card region 2048
 CPUs: 16 total, 16 available
 Memory: 6005M
 Large Page Support: Disabled
 NUMA Support: Disabled
 Compressed Oops: Enabled (32-bit)
 Heap Region Size: 1M
 Heap Min Capacity: 8M
 Heap Initial Capacity: 94M
 Heap Max Capacity: 1502M
 Pre-touch: Disabled
 Parallel Workers: 13
 Concurrent Workers: 3
 Concurrent Refinement Workers: 13
 Periodic GC: Disabled
Heap:
 garbage-first heap   total reserved 1538048K, committed 76800K, used 50355K [0x00000000a2200000, 0x0000000100000000)
  region size 1024K, 8 young (8192K), 2 survivors (2048K)
 Metaspace       used 87167K, committed 87936K, reserved 1179648K
  class space    used 9422K, committed 9728K, reserved 1048576K
GC Heap History (20 events):
Event: 10.062 GC heap before
{Heap before GC invocations=8 (full 0):
 garbage-first heap   total reserved 1538048K, committed 68608K, used 56703K [0x00000000a2200000, 0x0000000100000000)
  region size 1024K, 31 young (31744K), 4 survivors (4096K)
 Metaspace       used 44478K, committed 44992K, reserved 1114112K
  class space    used 4614K, committed 4864K, reserved 1048576K
}
Event: 10.070 GC heap after
{Heap after GC invocations=9 (full 0):
 garbage-first heap   total reserved 1538048K, committed 68608K, used 30437K [0x00000000a2200000, 0x0000000100000000)
  region size 1024K, 3 young (3072K), 3 survivors (3072K)
 Metaspace       used 44478K, committed 44992K, reserved 1114112K
  class space    used 4614K, committed 4864K, reserved 1048576K
}
Event: 12.118 GC heap before
{Heap before GC invocations=9 (full 0):
 garbage-first heap   total reserved 1538048K, committed 68608K, used 57061K [0x00000000a2200000, 0x0000000100000000)
  region size 1024K, 29 young (29696K), 3 survivors (3072K)
 Metaspace       used 52569K, committed 52992K, reserved 1114112K
  class space    used 5465K, committed 5632K, reserved 1048576K
}
Event: 12.125 GC heap after
{Heap after GC invocations=10 (full 0):
 garbage-first heap   total reserved 1538048K, committed 68608K, used 32628K [0x00000000a2200000, 0x0000000100000000)
  region size 1024K, 3 young (3072K), 3 survivors (3072K)
 Metaspace       used 52569K, committed 52992K, reserved 1114112K
  class space    used 5465K, committed 5632K, reserved 1048576K
}
Event: 13.637 GC heap before
{Heap before GC invocations=10 (full 0):
 garbage-first heap   total reserved 1538048K, committed 68608K, used 57204K [0x00000000a2200000, 0x0000000100000000)
  region size 1024K, 28 young (28672K), 3 survivors (3072K)
 Metaspace       used 59817K, committed 60288K, reserved 1114112K
  class space    used 6080K, committed 6272K, reserved 1048576K
}
Event: 13.642 GC heap after
{Heap after GC invocations=11 (full 0):
 garbage-first heap   total reserved 1538048K, committed 68608K, used 34066K [0x00000000a2200000, 0x0000000100000000)
  region size 1024K, 4 young (4096K), 4 survivors (4096K)
 Metaspace       used 59817K, committed 60288K, reserved 1114112K
  class space    used 6080K, committed 6272K, reserved 1048576K
}
Event: 13.654 GC heap before
{Heap before GC invocations=11 (full 0):
 garbage-first heap   total reserved 1538048K, committed 68608K, used 34066K [0x00000000a2200000, 0x0000000100000000)
  region size 1024K, 5 young (5120K), 4 survivors (4096K)
 Metaspace       used 59905K, committed 60288K, reserved 1114112K
  class space    used 6118K, committed 6272K, reserved 1048576K
}
Event: 13.660 GC heap after
{Heap after GC invocations=12 (full 0):
 garbage-first heap   total reserved 1538048K, committed 68608K, used 34301K [0x00000000a2200000, 0x0000000100000000)
  region size 1024K, 2 young (2048K), 2 survivors (2048K)
 Metaspace       used 59905K, committed 60288K, reserved 1114112K
  class space    used 6118K, committed 6272K, reserved 1048576K
}
Event: 16.025 GC heap before
{Heap before GC invocations=13 (full 0):
 garbage-first heap   total reserved 1538048K, committed 68608K, used 60925K [0x00000000a2200000, 0x0000000100000000)
  region size 1024K, 28 young (28672K), 2 survivors (2048K)
 Metaspace       used 67836K, committed 68416K, reserved 1114112K
  class space    used 7129K, committed 7360K, reserved 1048576K
}
Event: 16.030 GC heap after
{Heap after GC invocations=14 (full 0):
 garbage-first heap   total reserved 1538048K, committed 68608K, used 35294K [0x00000000a2200000, 0x0000000100000000)
  region size 1024K, 3 young (3072K), 3 survivors (3072K)
 Metaspace       used 67836K, committed 68416K, reserved 1114112K
  class space    used 7129K, committed 7360K, reserved 1048576K
}
Event: 17.247 GC heap before
{Heap before GC invocations=14 (full 0):
 garbage-first heap   total reserved 1538048K, committed 68608K, used 59870K [0x00000000a2200000, 0x0000000100000000)
  region size 1024K, 28 young (28672K), 3 survivors (3072K)
 Metaspace       used 71939K, committed 72512K, reserved 1114112K
  class space    used 7576K, committed 7808K, reserved 1048576K
}
Event: 17.255 GC heap after
{Heap after GC invocations=15 (full 0):
 garbage-first heap   total reserved 1538048K, committed 68608K, used 36735K [0x00000000a2200000, 0x0000000100000000)
  region size 1024K, 4 young (4096K), 4 survivors (4096K)
 Metaspace       used 71939K, committed 72512K, reserved 1114112K
  class space    used 7576K, committed 7808K, reserved 1048576K
}
Event: 18.528 GC heap before
{Heap before GC invocations=15 (full 0):
 garbage-first heap   total reserved 1538048K, committed 68608K, used 59263K [0x00000000a2200000, 0x0000000100000000)
  region size 1024K, 26 young (26624K), 4 survivors (4096K)
 Metaspace       used 75630K, committed 76224K, reserved 1179648K
  class space    used 7992K, committed 8256K, reserved 1048576K
}
Event: 18.537 GC heap after
{Heap after GC invocations=16 (full 0):
 garbage-first heap   total reserved 1538048K, committed 68608K, used 39287K [0x00000000a2200000, 0x0000000100000000)
  region size 1024K, 3 young (3072K), 3 survivors (3072K)
 Metaspace       used 75630K, committed 76224K, reserved 1179648K
  class space    used 7992K, committed 8256K, reserved 1048576K
}
Event: 19.723 GC heap before
{Heap before GC invocations=17 (full 0):
 garbage-first heap   total reserved 1538048K, committed 68608K, used 59767K [0x00000000a2200000, 0x0000000100000000)
  region size 1024K, 24 young (24576K), 3 survivors (3072K)
 Metaspace       used 78538K, committed 79168K, reserved 1179648K
  class space    used 8308K, committed 8576K, reserved 1048576K
}
Event: 19.730 GC heap after
{Heap after GC invocations=18 (full 0):
 garbage-first heap   total reserved 1538048K, committed 68608K, used 42876K [0x00000000a2200000, 0x0000000100000000)
  region size 1024K, 3 young (3072K), 3 survivors (3072K)
 Metaspace       used 78538K, committed 79168K, reserved 1179648K
  class space    used 8308K, committed 8576K, reserved 1048576K
}
Event: 51.536 GC heap before
{Heap before GC invocations=18 (full 0):
 garbage-first heap   total reserved 1538048K, committed 68608K, used 61308K [0x00000000a2200000, 0x0000000100000000)
  region size 1024K, 21 young (21504K), 3 survivors (3072K)
 Metaspace       used 81891K, committed 82560K, reserved 1179648K
  class space    used 8703K, committed 8960K, reserved 1048576K
}
Event: 51.572 GC heap after
{Heap after GC invocations=19 (full 0):
 garbage-first heap   total reserved 1538048K, committed 68608K, used 44040K [0x00000000a2200000, 0x0000000100000000)
  region size 1024K, 3 young (3072K), 3 survivors (3072K)
 Metaspace       used 81891K, committed 82560K, reserved 1179648K
  class space    used 8703K, committed 8960K, reserved 1048576K
}
Event: 89.749 GC heap before
{Heap before GC invocations=19 (full 0):
 garbage-first heap   total reserved 1538048K, committed 68608K, used 59400K [0x00000000a2200000, 0x0000000100000000)
  region size 1024K, 19 young (19456K), 3 survivors (3072K)
 Metaspace       used 86342K, committed 87040K, reserved 1179648K
  class space    used 9297K, committed 9600K, reserved 1048576K
}
Event: 89.764 GC heap after
{Heap after GC invocations=20 (full 0):
 garbage-first heap   total reserved 1538048K, committed 68608K, used 45235K [0x00000000a2200000, 0x0000000100000000)
  region size 1024K, 2 young (2048K), 2 survivors (2048K)
 Metaspace       used 86342K, committed 87040K, reserved 1179648K
  class space    used 9297K, committed 9600K, reserved 1048576K
}

